Ivy Default Cache set to: /root/.ivy2/cache
The jars for the packages stored in: /root/.ivy2/jars
:: loading settings :: url = jar:file:/usr/hdp/2.6.4.0-91/spark2/jars/ivy-2.4.0.jar!/org/apache/ivy/core/settings/ivysettings.xml
org.apache.spark#spark-sql-kafka-0-10_2.11 added as a dependency
org.apache.spark#spark-streaming-kafka-0-10_2.11 added as a dependency
:: resolving dependencies :: org.apache.spark#spark-submit-parent;1.0
        confs: [default]
:: resolution report :: resolve 1019165ms :: artifacts dl 0ms
        :: modules in use:
        ---------------------------------------------------------------------
        |                  |            modules            ||   artifacts   |
        |       conf       | number| search|dwnlded|evicted|| number|dwnlded|
        ---------------------------------------------------------------------
        |      default     |   2   |   0   |   0   |   0   ||   0   |   0   |
        ---------------------------------------------------------------------

:: problems summary ::
:::: WARNINGS
                module not found: org.apache.spark#spark-sql-kafka-0-10_2.11;2.2.0

        ==== local-m2-cache: tried

          file:/root/.m2/repository/org/apache/spark/spark-sql-kafka-0-10_2.11/2.2.0/spark-sql-kafka-0-10_2.11-2.2.0.pom

          -- artifact org.apache.spark#spark-sql-kafka-0-10_2.11;2.2.0!spark-sql-kafka-0-10_2.11.jar:

          file:/root/.m2/repository/org/apache/spark/spark-sql-kafka-0-10_2.11/2.2.0/spark-sql-kafka-0-10_2.11-2.2.0.jar

        ==== local-ivy-cache: tried

          /root/.ivy2/local/org.apache.spark/spark-sql-kafka-0-10_2.11/2.2.0/ivys/ivy.xml

          -- artifact org.apache.spark#spark-sql-kafka-0-10_2.11;2.2.0!spark-sql-kafka-0-10_2.11.jar:

          /root/.ivy2/local/org.apache.spark/spark-sql-kafka-0-10_2.11/2.2.0/jars/spark-sql-kafka-0-10_2.11.jar

        ==== central: tried

          https://repo1.maven.org/maven2/org/apache/spark/spark-sql-kafka-0-10_2.11/2.2.0/spark-sql-kafka-0-10_2.11-2.2.0.pom

          -- artifact org.apache.spark#spark-sql-kafka-0-10_2.11;2.2.0!spark-sql-kafka-0-10_2.11.jar:

          https://repo1.maven.org/maven2/org/apache/spark/spark-sql-kafka-0-10_2.11/2.2.0/spark-sql-kafka-0-10_2.11-2.2.0.jar

        ==== spark-packages: tried

          http://dl.bintray.com/spark-packages/maven/org/apache/spark/spark-sql-kafka-0-10_2.11/2.2.0/spark-sql-kafka-0-10_2.11-2.2.0.pom

          -- artifact org.apache.spark#spark-sql-kafka-0-10_2.11;2.2.0!spark-sql-kafka-0-10_2.11.jar:

          http://dl.bintray.com/spark-packages/maven/org/apache/spark/spark-sql-kafka-0-10_2.11/2.2.0/spark-sql-kafka-0-10_2.11-2.2.0.jar

                module not found: org.apache.spark#spark-streaming-kafka-0-10_2.11;2.1.0

        ==== local-m2-cache: tried

          file:/root/.m2/repository/org/apache/spark/spark-streaming-kafka-0-10_2.11/2.1.0/spark-streaming-kafka-0-10_2.11-2.1.0.pom

          -- artifact org.apache.spark#spark-streaming-kafka-0-10_2.11;2.1.0!spark-streaming-kafka-0-10_2.11.jar:

          file:/root/.m2/repository/org/apache/spark/spark-streaming-kafka-0-10_2.11/2.1.0/spark-streaming-kafka-0-10_2.11-2.1.0.jar

        ==== local-ivy-cache: tried

          /root/.ivy2/local/org.apache.spark/spark-streaming-kafka-0-10_2.11/2.1.0/ivys/ivy.xml

          -- artifact org.apache.spark#spark-streaming-kafka-0-10_2.11;2.1.0!spark-streaming-kafka-0-10_2.11.jar:

          /root/.ivy2/local/org.apache.spark/spark-streaming-kafka-0-10_2.11/2.1.0/jars/spark-streaming-kafka-0-10_2.11.jar

        ==== central: tried

          https://repo1.maven.org/maven2/org/apache/spark/spark-streaming-kafka-0-10_2.11/2.1.0/spark-streaming-kafka-0-10_2.11-2.1.0.pom

          -- artifact org.apache.spark#spark-streaming-kafka-0-10_2.11;2.1.0!spark-streaming-kafka-0-10_2.11.jar:

          https://repo1.maven.org/maven2/org/apache/spark/spark-streaming-kafka-0-10_2.11/2.1.0/spark-streaming-kafka-0-10_2.11-2.1.0.jar

        ==== spark-packages: tried

          http://dl.bintray.com/spark-packages/maven/org/apache/spark/spark-streaming-kafka-0-10_2.11/2.1.0/spark-streaming-kafka-0-10_2.11-2.1.0.pom

          -- artifact org.apache.spark#spark-streaming-kafka-0-10_2.11;2.1.0!spark-streaming-kafka-0-10_2.11.jar:

          http://dl.bintray.com/spark-packages/maven/org/apache/spark/spark-streaming-kafka-0-10_2.11/2.1.0/spark-streaming-kafka-0-10_2.11-2.1.0.jar

                ::::::::::::::::::::::::::::::::::::::::::::::

                ::          UNRESOLVED DEPENDENCIES         ::

                ::::::::::::::::::::::::::::::::::::::::::::::

                :: org.apache.spark#spark-sql-kafka-0-10_2.11;2.2.0: not found

                :: org.apache.spark#spark-streaming-kafka-0-10_2.11;2.1.0: not found

                ::::::::::::::::::::::::::::::::::::::::::::::


:::: ERRORS
        Server access error at url https://repo1.maven.org/maven2/org/apache/spark/spark-sql-kafka-0-10_2.11/2.2.0/spark-sql-kafka-0-10_2.11-2.2.0.pom (java.net.ConnectException: Connection timed out (Connection timed out))

        Server access error at url https://repo1.maven.org/maven2/org/apache/spark/spark-sql-kafka-0-10_2.11/2.2.0/spark-sql-kafka-0-10_2.11-2.2.0.jar (java.net.ConnectException: Connection timed out (Connection timed out))

        Server access error at url http://dl.bintray.com/spark-packages/maven/org/apache/spark/spark-sql-kafka-0-10_2.11/2.2.0/spark-sql-kafka-0-10_2.11-2.2.0.pom (java.net.ConnectException: Connection timed out (Connection timed out))

        Server access error at url http://dl.bintray.com/spark-packages/maven/org/apache/spark/spark-sql-kafka-0-10_2.11/2.2.0/spark-sql-kafka-0-10_2.11-2.2.0.jar (java.net.ConnectException: Connection timed out (Connection timed out))

        Server access error at url https://repo1.maven.org/maven2/org/apache/spark/spark-streaming-kafka-0-10_2.11/2.1.0/spark-streaming-kafka-0-10_2.11-2.1.0.pom (java.net.ConnectException: Connection timed out (Connection timed out))

        Server access error at url https://repo1.maven.org/maven2/org/apache/spark/spark-streaming-kafka-0-10_2.11/2.1.0/spark-streaming-kafka-0-10_2.11-2.1.0.jar (java.net.ConnectException: Connection timed out (Connection timed out))

        Server access error at url http://dl.bintray.com/spark-packages/maven/org/apache/spark/spark-streaming-kafka-0-10_2.11/2.1.0/spark-streaming-kafka-0-10_2.11-2.1.0.pom (java.net.ConnectException: Connection timed out (Connection timed out))

        Server access error at url http://dl.bintray.com/spark-packages/maven/org/apache/spark/spark-streaming-kafka-0-10_2.11/2.1.0/spark-streaming-kafka-0-10_2.11-2.1.0.jar (java.net.ConnectException: Connection timed out (Connection timed out))


:: USE VERBOSE OR DEBUG MESSAGE LEVEL FOR MORE DETAILS
Exception in thread "main" java.lang.RuntimeException: [unresolved dependency: org.apache.spark#spark-sql-kafka-0-10_2.11;2.2.0: not found, unresolved dependency: org.apache.spark#spark-streaming-kafka-0-10_2.11;2.1.0: not found]
        at org.apache.spark.deploy.SparkSubmitUtils$.resolveMavenCoordinates(SparkSubmit.scala:1204)
        at org.apache.spark.deploy.SparkSubmit$.prepareSubmitEnvironment(SparkSubmit.scala:304)
        at org.apache.spark.deploy.SparkSubmit$.submit(SparkSubmit.scala:153)
        at org.apache.spark.deploy.SparkSubmit$.main(SparkSubmit.scala:119)
        at org.apache.spark.deploy.SparkSubmit.main(SparkSubmit.scala)

